#
# A fatal error has been detected by the Java Runtime Environment:
#
#  EXCEPTION_ACCESS_VIOLATION (0xc0000005) at pc=0x00007ffb4c3aa469, pid=3196, tid=11248
#
# JRE version: OpenJDK Runtime Environment (11.0.10) (build 11.0.10+0-b96-7249189)
# Java VM: OpenJDK 64-Bit Server VM (11.0.10+0-b96-7249189, mixed mode, tiered, compressed oops, g1 gc, windows-amd64)
# Problematic frame:
# V  [jvm.dll+0x2da469]
#
# No core dump will be written. Minidumps are not enabled by default on client versions of Windows
#
# If you would like to submit a bug report, please visit:
#   https://bugreport.java.com/bugreport/crash.jsp
#

---------------  S U M M A R Y ------------

Command Line: --add-opens=java.base/java.util=ALL-UNNAMED --add-opens=java.base/java.lang=ALL-UNNAMED --add-opens=java.base/java.lang.invoke=ALL-UNNAMED --add-opens=java.base/java.util=ALL-UNNAMED --add-opens=java.prefs/java.util.prefs=ALL-UNNAMED --add-opens=java.prefs/java.util.prefs=ALL-UNNAMED --add-opens=java.base/java.nio.charset=ALL-UNNAMED --add-opens=java.base/java.net=ALL-UNNAMED --add-opens=java.base/java.util.concurrent.atomic=ALL-UNNAMED -Xmx2048m -Dfile.encoding=UTF-8 -Duser.country=IN -Duser.language=en -Duser.variant org.gradle.launcher.daemon.bootstrap.GradleDaemon 7.0.2

Host: Intel(R) Core(TM) i3-7100U CPU @ 2.40GHz, 4 cores, 11G,  Windows 10 , 64 bit Build 19041 (10.0.19041.207)
Time: Sat Feb 12 20:55:54 2022 India Standard Time elapsed time: 3.347754 seconds (0d 0h 0m 3s)

---------------  T H R E A D  ---------------

Current thread (0x0000020d61017800):  ConcurrentGCThread "G1 Conc#0" [stack: 0x00000026d0200000,0x00000026d0300000] [id=11248]

Stack: [0x00000026d0200000,0x00000026d0300000],  sp=0x00000026d02ff380,  free space=1020k
Native frames: (J=compiled Java code, j=interpreted, Vv=VM code, C=native code)
V  [jvm.dll+0x2da469]
V  [jvm.dll+0x2df9a9]
V  [jvm.dll+0x2e59a1]
V  [jvm.dll+0x2e6fcf]
V  [jvm.dll+0x748da0]
V  [jvm.dll+0x6e3d45]
V  [jvm.dll+0x5ebe96]
C  [ucrtbase.dll+0x21542]
C  [KERNEL32.DLL+0x16fd4]
C  [ntdll.dll+0x4cec1]


siginfo: EXCEPTION_ACCESS_VIOLATION (0xc0000005), reading address 0x0000000000000160


Register to memory mapping:

RIP=0x00007ffb4c3aa469 jvm.dll
RAX=0x0000000000000200 is an unknown value
RBX=0x0000000020000000 is an unknown value
RCX=0x0000020d6100c840 points into unknown readable memory: 0x0000020d61015800 | 00 58 01 61 0d 02 00 00
RDX=0x0 is NULL
RSP=0x00000026d02ff380 points into unknown readable memory: 0x0000000000000005 | 05 00 00 00 00 00 00 00
RBP=0x0000020d6100c840 points into unknown readable memory: 0x0000020d61015800 | 00 58 01 61 0d 02 00 00
RSI=0x00000026d02ff410 points into unknown readable memory: 0x00007ffb4c8eef58 | 58 ef 8e 4c fb 7f 00 00
RDI=0x0000000088e23d40 is an oop: java.util.concurrent.ConcurrentHashMap$Node 
{0x0000000088e23d40} - klass: 'java/util/concurrent/ConcurrentHashMap$Node'
R8 =0x0 is NULL
R9 =0x0000000020000000 is an unknown value
R10=0x0000020d6100c840 points into unknown readable memory: 0x0000020d61015800 | 00 58 01 61 0d 02 00 00
R11=0x00000026d02ff410 points into unknown readable memory: 0x00007ffb4c8eef58 | 58 ef 8e 4c fb 7f 00 00
R12=0x0 is NULL
R13=0x0 is NULL
R14=0x0 is NULL
R15=0x000000000000000c is an unknown value


Registers:
RAX=0x0000000000000200, RBX=0x0000000020000000, RCX=0x0000020d6100c840, RDX=0x0000000000000000
RSP=0x00000026d02ff380, RBP=0x0000020d6100c840, RSI=0x00000026d02ff410, RDI=0x0000000088e23d40
R8 =0x0000000000000000, R9 =0x0000000020000000, R10=0x0000020d6100c840, R11=0x00000026d02ff410
R12=0x0000000000000000, R13=0x0000000000000000, R14=0x0000000000000000, R15=0x000000000000000c
RIP=0x00007ffb4c3aa469, EFLAGS=0x0000000000010202

Top of Stack: (sp=0x00000026d02ff380)
0x00000026d02ff380:   0000000000000005 0000000000000001
0x00000026d02ff390:   0000000100001a70 00007ffb4c3af3eb
0x00000026d02ff3a0:   00007ffb4ca63250 00007ffb4c3af9a9
0x00000026d02ff3b0:   00000026d02ff410 0000000088e23d40
0x00000026d02ff3c0:   0000000088e23654 0000000000000000
0x00000026d02ff3d0:   0000000000000000 00007ffb4ca63250
0x00000026d02ff3e0:   0000000000000202 00007ffb4c3b59a1
0x00000026d02ff3f0:   0000000088f00000 000000010001ba50
0x00000026d02ff400:   0000000088e22d30 0000000088e22ca8
0x00000026d02ff410:   00007ffb4c8eef58 0000000000000000
0x00000026d02ff420:   0000020d60fd6990 0000020d6100c840
0x00000026d02ff430:   0000000000000000 0000000000000000
0x00000026d02ff440:   0000000000000000 00000026d01ff410
0x00000026d02ff450:   0000000000000000 00007ffb4c3b6fcf
0x00000026d02ff460:   0000020d6100c8e8 0000020d60fd39d0
0x00000026d02ff470:   0000020d61017800 000000000000018c 

Instructions: (pc=0x00007ffb4c3aa469)
0x00007ffb4c3aa369:   00 00 00 00 48 8b fa 4c 8b ca 49 8b 42 08 8b 53
0x00007ffb4c3aa379:   10 8b 88 c0 02 00 00 48 8b 80 b0 02 00 00 49 d3
0x00007ffb4c3aa389:   e8 49 8b ca 4e 8b 04 c0 e8 ba 00 00 00 84 c0 75
0x00007ffb4c3aa399:   0b 48 8b 5c 24 48 48 83 c4 30 5f c3 48 8b 43 20
0x00007ffb4c3aa3a9:   48 8b 88 d8 02 00 00 48 8b 83 98 00 00 00 48 85
0x00007ffb4c3aa3b9:   c0 74 0e 48 3b f8 72 0e 48 3b bb a0 00 00 00 72
0x00007ffb4c3aa3c9:   77 48 3b f9 73 72 80 3d c2 d1 71 00 00 74 15 8b
0x00007ffb4c3aa3d9:   47 08 8b 0d 37 47 6d 00 48 d3 e0 48 03 05 25 47
0x00007ffb4c3aa3e9:   6d 00 eb 04 48 8b 47 08 81 78 08 00 00 00 c0 72
0x00007ffb4c3aa3f9:   35 48 8b 83 b0 00 00 00 48 39 83 a8 00 00 00 73
0x00007ffb4c3aa409:   10 48 8b 83 c8 00 00 00 48 39 83 c0 00 00 00 72
0x00007ffb4c3aa419:   27 48 8b cb e8 0e a4 00 00 b0 01 48 8b 5c 24 48
0x00007ffb4c3aa429:   48 83 c4 30 5f c3 48 8d 54 24 40 48 89 7c 24 40
0x00007ffb4c3aa439:   48 8b cb e8 ff 18 00 00 b0 01 48 8b 5c 24 48 48
0x00007ffb4c3aa449:   83 c4 30 5f c3 cc cc 48 89 5c 24 18 48 89 6c 24
0x00007ffb4c3aa459:   20 41 56 48 83 ec 20 49 8b d9 44 8b f2 48 8b e9
0x00007ffb4c3aa469:   4d 3b 88 60 01 00 00 72 13 32 c0 48 8b 5c 24 40
0x00007ffb4c3aa479:   48 8b 6c 24 48 48 83 c4 20 41 5e c3 48 8b 81 90
0x00007ffb4c3aa489:   00 00 00 48 8b d3 48 89 74 24 30 48 2b 10 8b 48
0x00007ffb4c3aa499:   10 48 c1 ea 03 48 d3 ea 48 8d 48 18 e8 c6 38 e3
0x00007ffb4c3aa4a9:   ff 0f b6 f0 84 c0 74 6f 48 89 7c 24 38 48 8b 7c
0x00007ffb4c3aa4b9:   24 50 48 85 ff 75 2d 40 38 3d d1 d0 71 00 74 15
0x00007ffb4c3aa4c9:   8b 53 08 8b 0d 46 46 6d 00 48 d3 e2 48 03 15 34
0x00007ffb4c3aa4d9:   46 6d 00 eb 04 48 8b 53 08 48 8b cb e8 f6 24 eb
0x00007ffb4c3aa4e9:   ff 48 63 f8 48 8b 85 f0 02 00 00 8b 0d be d6 71
0x00007ffb4c3aa4f9:   00 4a 8b 14 f0 48 8b 42 18 48 8b 40 10 48 2b d8
0x00007ffb4c3aa509:   48 d3 eb 48 8d 4a 38 8b d3 e8 c9 e4 ff ff 48 01
0x00007ffb4c3aa519:   78 08 48 8b 7c 24 38 48 8b 5c 24 40 40 0f b6 c6
0x00007ffb4c3aa529:   48 8b 74 24 30 48 8b 6c 24 48 48 83 c4 20 41 5e
0x00007ffb4c3aa539:   c3 cc cc cc cc cc cc 4c 8b 81 b8 02 00 00 48 8b
0x00007ffb4c3aa549:   81 a8 02 00 00 8b 91 c0 02 00 00 49 03 c0 8b ca
0x00007ffb4c3aa559:   48 d3 e0 49 d3 e0 49 2b c0 48 83 e0 f8 c3 cc cc 


Stack slot to memory mapping:
stack at sp + 0 slots: 0x0000000000000005 is an unknown value
stack at sp + 1 slots: 0x0000000000000001 is an unknown value
stack at sp + 2 slots: 0x0000000100001a70 is a pointer to class: 
java.lang.reflect.AnnotatedElement {0x0000000100001a78}
stack at sp + 3 slots: 0x00007ffb4c3af3eb jvm.dll
stack at sp + 4 slots: 0x00007ffb4ca63250 jvm.dll
stack at sp + 5 slots: 0x00007ffb4c3af9a9 jvm.dll
stack at sp + 6 slots: 0x00000026d02ff410 points into unknown readable memory: 0x00007ffb4c8eef58 | 58 ef 8e 4c fb 7f 00 00
stack at sp + 7 slots: 0x0000000088e23d40 is an oop: java.util.concurrent.ConcurrentHashMap$Node 
{0x0000000088e23d40} - klass: 'java/util/concurrent/ConcurrentHashMap$Node'


---------------  P R O C E S S  ---------------

Threads class SMR info:
_java_thread_list=0x0000020d7ea96ea0, length=23, elements={
0x0000020d60fc8000, 0x0000020d7cb33800, 0x0000020d7cb35000, 0x0000020d7cb3c800,
0x0000020d7d382800, 0x0000020d7d385800, 0x0000020d7d396800, 0x0000020d7d398000,
0x0000020d7d39c800, 0x0000020d7d4fb000, 0x0000020d7ecbf000, 0x0000020d7e550800,
0x0000020d01a57800, 0x0000020d00b30800, 0x0000020d7d737800, 0x0000020d7e3bf800,
0x0000020d7dbcf000, 0x0000020d00d97000, 0x0000020d0132c800, 0x0000020d00596000,
0x0000020d012ce800, 0x0000020d012c8800, 0x0000020d012cc800
}

Java Threads: ( => current thread )
  0x0000020d60fc8000 JavaThread "main" [_thread_blocked, id=1720, stack(0x00000026cff00000,0x00000026d0000000)]
  0x0000020d7cb33800 JavaThread "Reference Handler" daemon [_thread_blocked, id=7292, stack(0x00000026d0600000,0x00000026d0700000)]
  0x0000020d7cb35000 JavaThread "Finalizer" daemon [_thread_blocked, id=1348, stack(0x00000026d0700000,0x00000026d0800000)]
  0x0000020d7cb3c800 JavaThread "Signal Dispatcher" daemon [_thread_blocked, id=6484, stack(0x00000026d0800000,0x00000026d0900000)]
  0x0000020d7d382800 JavaThread "Attach Listener" daemon [_thread_blocked, id=7908, stack(0x00000026d0900000,0x00000026d0a00000)]
  0x0000020d7d385800 JavaThread "Service Thread" daemon [_thread_blocked, id=6508, stack(0x00000026d0a00000,0x00000026d0b00000)]
  0x0000020d7d396800 JavaThread "C2 CompilerThread0" daemon [_thread_in_native, id=10364, stack(0x00000026d0b00000,0x00000026d0c00000)]
  0x0000020d7d398000 JavaThread "C1 CompilerThread0" daemon [_thread_blocked, id=11056, stack(0x00000026d0c00000,0x00000026d0d00000)]
  0x0000020d7d39c800 JavaThread "Sweeper thread" daemon [_thread_blocked, id=4536, stack(0x00000026d0d00000,0x00000026d0e00000)]
  0x0000020d7d4fb000 JavaThread "Common-Cleaner" daemon [_thread_blocked, id=1384, stack(0x00000026d0e00000,0x00000026d0f00000)]
  0x0000020d7ecbf000 JavaThread "Daemon health stats" [_thread_blocked, id=1984, stack(0x00000026d1400000,0x00000026d1500000)]
  0x0000020d7e550800 JavaThread "Incoming local TCP Connector on port 50473" [_thread_in_native, id=5468, stack(0x00000026d1000000,0x00000026d1100000)]
  0x0000020d01a57800 JavaThread "Daemon periodic checks" [_thread_blocked, id=2520, stack(0x00000026d1500000,0x00000026d1600000)]
  0x0000020d00b30800 JavaThread "Daemon" [_thread_blocked, id=8528, stack(0x00000026d1600000,0x00000026d1700000)]
  0x0000020d7d737800 JavaThread "Handler for socket connection from /127.0.0.1:50473 to /127.0.0.1:50474" [_thread_in_native, id=7024, stack(0x00000026d1700000,0x00000026d1800000)]
  0x0000020d7e3bf800 JavaThread "C2 CompilerThread1" daemon [_thread_in_native, id=8524, stack(0x00000026d1800000,0x00000026d1900000)]
  0x0000020d7dbcf000 JavaThread "Cancel handler" [_thread_blocked, id=4696, stack(0x00000026d1900000,0x00000026d1a00000)]
  0x0000020d00d97000 JavaThread "Daemon worker" [_thread_in_vm, id=7016, stack(0x00000026d1a00000,0x00000026d1b00000)]
  0x0000020d0132c800 JavaThread "Asynchronous log dispatcher for DefaultDaemonConnection: socket connection from /127.0.0.1:50473 to /127.0.0.1:50474" [_thread_blocked, id=4728, stack(0x00000026d1b00000,0x00000026d1c00000)]
  0x0000020d00596000 JavaThread "Stdin handler" [_thread_blocked, id=6824, stack(0x00000026d1c00000,0x00000026d1d00000)]
  0x0000020d012ce800 JavaThread "Daemon client event forwarder" [_thread_blocked, id=5976, stack(0x00000026d1d00000,0x00000026d1e00000)]
  0x0000020d012c8800 JavaThread "Cache worker for file hash cache (C:\Users\Bhawna singh chauhan\.gradle\caches\7.0.2\fileHashes)" [_thread_blocked, id=7312, stack(0x00000026d1e00000,0x00000026d1f00000)]
  0x0000020d012cc800 JavaThread "File lock request listener" [_thread_in_native, id=1472, stack(0x00000026d1f00000,0x00000026d2000000)]

Other Threads:
  0x0000020d7cb1e000 VMThread "VM Thread" [stack: 0x00000026d0500000,0x00000026d0600000] [id=3684]
  0x0000020d7d54d800 WatcherThread [stack: 0x00000026d0f00000,0x00000026d1000000] [id=5644]
  0x0000020d60fe1800 GCTaskThread "GC Thread#0" [stack: 0x00000026d0000000,0x00000026d0100000] [id=10624]
  0x0000020d7d736800 GCTaskThread "GC Thread#1" [stack: 0x00000026d1100000,0x00000026d1200000] [id=8224]
  0x0000020d7d9a8800 GCTaskThread "GC Thread#2" [stack: 0x00000026d1200000,0x00000026d1300000] [id=8144]
  0x0000020d7d9a9000 GCTaskThread "GC Thread#3" [stack: 0x00000026d1300000,0x00000026d1400000] [id=7316]
  0x0000020d61015800 ConcurrentGCThread "G1 Main Marker" [stack: 0x00000026d0100000,0x00000026d0200000] [id=11224]
=>0x0000020d61017800 ConcurrentGCThread "G1 Conc#0" [stack: 0x00000026d0200000,0x00000026d0300000] [id=11248]
  0x0000020d7c96c800 ConcurrentGCThread "G1 Refine#0" [stack: 0x00000026d0300000,0x00000026d0400000] [id=7948]
  0x0000020d7c96d800 ConcurrentGCThread "G1 Young RemSet Sampling" [stack: 0x00000026d0400000,0x00000026d0500000] [id=9644]

Threads with active compile tasks:
C2 CompilerThread0   3395 1957       4       jdk.internal.org.objectweb.asm.ClassWriter::newUTF8 (70 bytes)
C1 CompilerThread0   3395 1968       3       java.lang.invoke.ConstantCallSite::getTarget (20 bytes)
C2 CompilerThread1   3395 1952   !   4       java.util.zip.InflaterInputStream::read (138 bytes)

VM state:not at safepoint (normal execution)

VM Mutex/Monitor currently owned by a thread:  ([mutex/lock_event])
[0x0000020d60fc7020] CompileStatistics_lock - owner thread: 0x0000000000000000

Heap address: 0x0000000080000000, size: 2048 MB, Compressed Oops mode: 32-bit
Narrow klass base: 0x0000000000000000, Narrow klass shift: 3
Compressed class space size: 1073741824 Address: 0x0000000100000000

Heap:
 garbage-first heap   total 196608K, used 19403K [0x0000000080000000, 0x0000000100000000)
  region size 1024K, 6 young (6144K), 3 survivors (3072K)
 Metaspace       used 20898K, capacity 21408K, committed 21628K, reserved 1069056K
  class space    used 2559K, capacity 2744K, committed 2816K, reserved 1048576K
Heap Regions: E=young(eden), S=young(survivor), O=old, HS=humongous(starts), HC=humongous(continues), CS=collection set, F=free, A=archive, TAMS=top-at-mark-start (previous, next)
|   0|0x0000000080000000, 0x0000000080100000, 0x0000000080100000|100%|HS|  |TAMS 0x0000000080000000, 0x0000000080100000| Complete 
|   1|0x0000000080100000, 0x0000000080200000, 0x0000000080200000|100%|HC|  |TAMS 0x0000000080100000, 0x0000000080200000| Complete 
|   2|0x0000000080200000, 0x0000000080300000, 0x0000000080300000|100%|HC|  |TAMS 0x0000000080200000, 0x0000000080300000| Complete 
|   3|0x0000000080300000, 0x0000000080400000, 0x0000000080400000|100%| O|  |TAMS 0x0000000080300000, 0x0000000080400000| Untracked 
|   4|0x0000000080400000, 0x0000000080500000, 0x0000000080500000|100%| O|  |TAMS 0x0000000080400000, 0x0000000080500000| Untracked 
|   5|0x0000000080500000, 0x0000000080600000, 0x0000000080600000|100%| O|  |TAMS 0x0000000080500000, 0x0000000080600000| Untracked 
|   6|0x0000000080600000, 0x0000000080700000, 0x0000000080700000|100%| O|  |TAMS 0x0000000080600000, 0x0000000080700000| Untracked 
|   7|0x0000000080700000, 0x0000000080800000, 0x0000000080800000|100%| O|  |TAMS 0x0000000080700000, 0x0000000080800000| Untracked 
|   8|0x0000000080800000, 0x0000000080900000, 0x0000000080900000|100%| O|  |TAMS 0x0000000080800000, 0x0000000080900000| Untracked 
|   9|0x0000000080900000, 0x0000000080a00000, 0x0000000080a00000|100%| O|  |TAMS 0x0000000080900000, 0x0000000080a00000| Untracked 
|  10|0x0000000080a00000, 0x0000000080b00000, 0x0000000080b00000|100%| O|  |TAMS 0x0000000080a00000, 0x0000000080b00000| Untracked 
|  11|0x0000000080b00000, 0x0000000080c00000, 0x0000000080c00000|100%| O|  |TAMS 0x0000000080b00000, 0x0000000080c00000| Untracked 
|  12|0x0000000080c00000, 0x0000000080d00000, 0x0000000080d00000|100%| O|  |TAMS 0x0000000080c00000, 0x0000000080d00000| Untracked 
|  13|0x0000000080d00000, 0x0000000080df2c00, 0x0000000080e00000| 94%| O|  |TAMS 0x0000000080d00000, 0x0000000080df2c00| Untracked 
|  14|0x0000000080e00000, 0x0000000080e00000, 0x0000000080f00000|  0%| F|  |TAMS 0x0000000080e00000, 0x0000000080e00000| Untracked 
|  15|0x0000000080f00000, 0x0000000080f00000, 0x0000000081000000|  0%| F|  |TAMS 0x0000000080f00000, 0x0000000080f00000| Untracked 
|  16|0x0000000081000000, 0x0000000081000000, 0x0000000081100000|  0%| F|  |TAMS 0x0000000081000000, 0x0000000081000000| Untracked 
|  17|0x0000000081100000, 0x0000000081100000, 0x0000000081200000|  0%| F|  |TAMS 0x0000000081100000, 0x0000000081100000| Untracked 
|  18|0x0000000081200000, 0x0000000081200000, 0x0000000081300000|  0%| F|  |TAMS 0x0000000081200000, 0x0000000081200000| Untracked 
|  19|0x0000000081300000, 0x0000000081300000, 0x0000000081400000|  0%| F|  |TAMS 0x0000000081300000, 0x0000000081300000| Untracked 
|  20|0x0000000081400000, 0x0000000081400000, 0x0000000081500000|  0%| F|  |TAMS 0x0000000081400000, 0x0000000081400000| Untracked 
|  21|0x0000000081500000, 0x0000000081500000, 0x0000000081600000|  0%| F|  |TAMS 0x0000000081500000, 0x0000000081500000| Untracked 
|  22|0x0000000081600000, 0x0000000081600000, 0x0000000081700000|  0%| F|  |TAMS 0x0000000081600000, 0x0000000081600000| Untracked 
|  23|0x0000000081700000, 0x0000000081700000, 0x0000000081800000|  0%| F|  |TAMS 0x0000000081700000, 0x0000000081700000| Untracked 
|  24|0x0000000081800000, 0x0000000081800000, 0x0000000081900000|  0%| F|  |TAMS 0x0000000081800000, 0x0000000081800000| Untracked 
|  25|0x0000000081900000, 0x0000000081900000, 0x0000000081a00000|  0%| F|  |TAMS 0x0000000081900000, 0x0000000081900000| Untracked 
|  26|0x0000000081a00000, 0x0000000081a00000, 0x0000000081b00000|  0%| F|  |TAMS 0x0000000081a00000, 0x0000000081a00000| Untracked 
|  27|0x0000000081b00000, 0x0000000081b00000, 0x0000000081c00000|  0%| F|  |TAMS 0x0000000081b00000, 0x0000000081b00000| Untracked 
|  28|0x0000000081c00000, 0x0000000081c00000, 0x0000000081d00000|  0%| F|  |TAMS 0x0000000081c00000, 0x0000000081c00000| Untracked 
|  29|0x0000000081d00000, 0x0000000081d00000, 0x0000000081e00000|  0%| F|  |TAMS 0x0000000081d00000, 0x0000000081d00000| Untracked 
|  30|0x0000000081e00000, 0x0000000081e00000, 0x0000000081f00000|  0%| F|  |TAMS 0x0000000081e00000, 0x0000000081e00000| Untracked 
|  31|0x0000000081f00000, 0x0000000081f00000, 0x0000000082000000|  0%| F|  |TAMS 0x0000000081f00000, 0x0000000081f00000| Untracked 
|  32|0x0000000082000000, 0x0000000082000000, 0x0000000082100000|  0%| F|  |TAMS 0x0000000082000000, 0x0000000082000000| Untracked 
|  33|0x0000000082100000, 0x0000000082100000, 0x0000000082200000|  0%| F|  |TAMS 0x0000000082100000, 0x0000000082100000| Untracked 
|  34|0x0000000082200000, 0x0000000082200000, 0x0000000082300000|  0%| F|  |TAMS 0x0000000082200000, 0x0000000082200000| Untracked 
|  35|0x0000000082300000, 0x0000000082300000, 0x0000000082400000|  0%| F|  |TAMS 0x0000000082300000, 0x0000000082300000| Untracked 
|  36|0x0000000082400000, 0x0000000082400000, 0x0000000082500000|  0%| F|  |TAMS 0x0000000082400000, 0x0000000082400000| Untracked 
|  37|0x0000000082500000, 0x0000000082500000, 0x0000000082600000|  0%| F|  |TAMS 0x0000000082500000, 0x0000000082500000| Untracked 
|  38|0x0000000082600000, 0x0000000082600000, 0x0000000082700000|  0%| F|  |TAMS 0x0000000082600000, 0x0000000082600000| Untracked 
|  39|0x0000000082700000, 0x0000000082700000, 0x0000000082800000|  0%| F|  |TAMS 0x0000000082700000, 0x0000000082700000| Untracked 
|  40|0x0000000082800000, 0x0000000082800000, 0x0000000082900000|  0%| F|  |TAMS 0x0000000082800000, 0x0000000082800000| Untracked 
|  41|0x0000000082900000, 0x0000000082900000, 0x0000000082a00000|  0%| F|  |TAMS 0x0000000082900000, 0x0000000082900000| Untracked 
|  42|0x0000000082a00000, 0x0000000082a00000, 0x0000000082b00000|  0%| F|  |TAMS 0x0000000082a00000, 0x0000000082a00000| Untracked 
|  43|0x0000000082b00000, 0x0000000082b00000, 0x0000000082c00000|  0%| F|  |TAMS 0x0000000082b00000, 0x0000000082b00000| Untracked 
|  44|0x0000000082c00000, 0x0000000082c00000, 0x0000000082d00000|  0%| F|  |TAMS 0x0000000082c00000, 0x0000000082c00000| Untracked 
|  45|0x0000000082d00000, 0x0000000082d00000, 0x0000000082e00000|  0%| F|  |TAMS 0x0000000082d00000, 0x0000000082d00000| Untracked 
|  46|0x0000000082e00000, 0x0000000082e00000, 0x0000000082f00000|  0%| F|  |TAMS 0x0000000082e00000, 0x0000000082e00000| Untracked 
|  47|0x0000000082f00000, 0x0000000082f00000, 0x0000000083000000|  0%| F|  |TAMS 0x0000000082f00000, 0x0000000082f00000| Untracked 
|  48|0x0000000083000000, 0x0000000083000000, 0x0000000083100000|  0%| F|  |TAMS 0x0000000083000000, 0x0000000083000000| Untracked 
|  49|0x0000000083100000, 0x0000000083100000, 0x0000000083200000|  0%| F|  |TAMS 0x0000000083100000, 0x0000000083100000| Untracked 
|  50|0x0000000083200000, 0x0000000083200000, 0x0000000083300000|  0%| F|  |TAMS 0x0000000083200000, 0x0000000083200000| Untracked 
|  51|0x0000000083300000, 0x0000000083300000, 0x0000000083400000|  0%| F|  |TAMS 0x0000000083300000, 0x0000000083300000| Untracked 
|  52|0x0000000083400000, 0x0000000083400000, 0x0000000083500000|  0%| F|  |TAMS 0x0000000083400000, 0x0000000083400000| Untracked 
|  53|0x0000000083500000, 0x0000000083500000, 0x0000000083600000|  0%| F|  |TAMS 0x0000000083500000, 0x0000000083500000| Untracked 
|  54|0x0000000083600000, 0x0000000083600000, 0x0000000083700000|  0%| F|  |TAMS 0x0000000083600000, 0x0000000083600000| Untracked 
|  55|0x0000000083700000, 0x0000000083700000, 0x0000000083800000|  0%| F|  |TAMS 0x0000000083700000, 0x0000000083700000| Untracked 
|  56|0x0000000083800000, 0x0000000083800000, 0x0000000083900000|  0%| F|  |TAMS 0x0000000083800000, 0x0000000083800000| Untracked 
|  57|0x0000000083900000, 0x0000000083900000, 0x0000000083a00000|  0%| F|  |TAMS 0x0000000083900000, 0x0000000083900000| Untracked 
|  58|0x0000000083a00000, 0x0000000083a00000, 0x0000000083b00000|  0%| F|  |TAMS 0x0000000083a00000, 0x0000000083a00000| Untracked 
|  59|0x0000000083b00000, 0x0000000083b00000, 0x0000000083c00000|  0%| F|  |TAMS 0x0000000083b00000, 0x0000000083b00000| Untracked 
|  60|0x0000000083c00000, 0x0000000083c00000, 0x0000000083d00000|  0%| F|  |TAMS 0x0000000083c00000, 0x0000000083c00000| Untracked 
|  61|0x0000000083d00000, 0x0000000083d00000, 0x0000000083e00000|  0%| F|  |TAMS 0x0000000083d00000, 0x0000000083d00000| Untracked 
|  62|0x0000000083e00000, 0x0000000083e00000, 0x0000000083f00000|  0%| F|  |TAMS 0x0000000083e00000, 0x0000000083e00000| Untracked 
|  63|0x0000000083f00000, 0x0000000083f00000, 0x0000000084000000|  0%| F|  |TAMS 0x0000000083f00000, 0x0000000083f00000| Untracked 
|  64|0x0000000084000000, 0x0000000084000000, 0x0000000084100000|  0%| F|  |TAMS 0x0000000084000000, 0x0000000084000000| Untracked 
|  65|0x0000000084100000, 0x0000000084100000, 0x0000000084200000|  0%| F|  |TAMS 0x0000000084100000, 0x0000000084100000| Untracked 
|  66|0x0000000084200000, 0x0000000084200000, 0x0000000084300000|  0%| F|  |TAMS 0x0000000084200000, 0x0000000084200000| Untracked 
|  67|0x0000000084300000, 0x0000000084300000, 0x0000000084400000|  0%| F|  |TAMS 0x0000000084300000, 0x0000000084300000| Untracked 
|  68|0x0000000084400000, 0x0000000084400000, 0x0000000084500000|  0%| F|  |TAMS 0x0000000084400000, 0x0000000084400000| Untracked 
|  69|0x0000000084500000, 0x0000000084500000, 0x0000000084600000|  0%| F|  |TAMS 0x0000000084500000, 0x0000000084500000| Untracked 
|  70|0x0000000084600000, 0x0000000084600000, 0x0000000084700000|  0%| F|  |TAMS 0x0000000084600000, 0x0000000084600000| Untracked 
|  71|0x0000000084700000, 0x0000000084700000, 0x0000000084800000|  0%| F|  |TAMS 0x0000000084700000, 0x0000000084700000| Untracked 
|  72|0x0000000084800000, 0x0000000084800000, 0x0000000084900000|  0%| F|  |TAMS 0x0000000084800000, 0x0000000084800000| Untracked 
|  73|0x0000000084900000, 0x0000000084900000, 0x0000000084a00000|  0%| F|  |TAMS 0x0000000084900000, 0x0000000084900000| Untracked 
|  74|0x0000000084a00000, 0x0000000084a00000, 0x0000000084b00000|  0%| F|  |TAMS 0x0000000084a00000, 0x0000000084a00000| Untracked 
|  75|0x0000000084b00000, 0x0000000084b00000, 0x0000000084c00000|  0%| F|  |TAMS 0x0000000084b00000, 0x0000000084b00000| Untracked 
|  76|0x0000000084c00000, 0x0000000084c00000, 0x0000000084d00000|  0%| F|  |TAMS 0x0000000084c00000, 0x0000000084c00000| Untracked 
|  77|0x0000000084d00000, 0x0000000084d00000, 0x0000000084e00000|  0%| F|  |TAMS 0x0000000084d00000, 0x0000000084d00000| Untracked 
|  78|0x0000000084e00000, 0x0000000084e00000, 0x0000000084f00000|  0%| F|  |TAMS 0x0000000084e00000, 0x0000000084e00000| Untracked 
|  79|0x0000000084f00000, 0x0000000084f00000, 0x0000000085000000|  0%| F|  |TAMS 0x0000000084f00000, 0x0000000084f00000| Untracked 
|  80|0x0000000085000000, 0x0000000085000000, 0x0000000085100000|  0%| F|  |TAMS 0x0000000085000000, 0x0000000085000000| Untracked 
|  81|0x0000000085100000, 0x0000000085100000, 0x0000000085200000|  0%| F|  |TAMS 0x0000000085100000, 0x0000000085100000| Untracked 
|  82|0x0000000085200000, 0x0000000085200000, 0x0000000085300000|  0%| F|  |TAMS 0x0000000085200000, 0x0000000085200000| Untracked 
|  83|0x0000000085300000, 0x0000000085300000, 0x0000000085400000|  0%| F|  |TAMS 0x0000000085300000, 0x0000000085300000| Untracked 
|  84|0x0000000085400000, 0x0000000085400000, 0x0000000085500000|  0%| F|  |TAMS 0x0000000085400000, 0x0000000085400000| Untracked 
|  85|0x0000000085500000, 0x0000000085500000, 0x0000000085600000|  0%| F|  |TAMS 0x0000000085500000, 0x0000000085500000| Untracked 
|  86|0x0000000085600000, 0x0000000085600000, 0x0000000085700000|  0%| F|  |TAMS 0x0000000085600000, 0x0000000085600000| Untracked 
|  87|0x0000000085700000, 0x0000000085700000, 0x0000000085800000|  0%| F|  |TAMS 0x0000000085700000, 0x0000000085700000| Untracked 
|  88|0x0000000085800000, 0x0000000085800000, 0x0000000085900000|  0%| F|  |TAMS 0x0000000085800000, 0x0000000085800000| Untracked 
|  89|0x0000000085900000, 0x0000000085900000, 0x0000000085a00000|  0%| F|  |TAMS 0x0000000085900000, 0x0000000085900000| Untracked 
|  90|0x0000000085a00000, 0x0000000085a00000, 0x0000000085b00000|  0%| F|  |TAMS 0x0000000085a00000, 0x0000000085a00000| Untracked 
|  91|0x0000000085b00000, 0x0000000085b00000, 0x0000000085c00000|  0%| F|  |TAMS 0x0000000085b00000, 0x0000000085b00000| Untracked 
|  92|0x0000000085c00000, 0x0000000085c00000, 0x0000000085d00000|  0%| F|  |TAMS 0x0000000085c00000, 0x0000000085c00000| Untracked 
|  93|0x0000000085d00000, 0x0000000085d00000, 0x0000000085e00000|  0%| F|  |TAMS 0x0000000085d00000, 0x0000000085d00000| Untracked 
|  94|0x0000000085e00000, 0x0000000085e00000, 0x0000000085f00000|  0%| F|  |TAMS 0x0000000085e00000, 0x0000000085e00000| Untracked 
|  95|0x0000000085f00000, 0x0000000085f00000, 0x0000000086000000|  0%| F|  |TAMS 0x0000000085f00000, 0x0000000085f00000| Untracked 
|  96|0x0000000086000000, 0x0000000086000000, 0x0000000086100000|  0%| F|  |TAMS 0x0000000086000000, 0x0000000086000000| Untracked 
|  97|0x0000000086100000, 0x0000000086100000, 0x0000000086200000|  0%| F|  |TAMS 0x0000000086100000, 0x0000000086100000| Untracked 
|  98|0x0000000086200000, 0x0000000086200000, 0x0000000086300000|  0%| F|  |TAMS 0x0000000086200000, 0x0000000086200000| Untracked 
|  99|0x0000000086300000, 0x0000000086300000, 0x0000000086400000|  0%| F|  |TAMS 0x0000000086300000, 0x0000000086300000| Untracked 
| 100|0x0000000086400000, 0x0000000086400000, 0x0000000086500000|  0%| F|  |TAMS 0x0000000086400000, 0x0000000086400000| Untracked 
| 101|0x0000000086500000, 0x0000000086500000, 0x0000000086600000|  0%| F|  |TAMS 0x0000000086500000, 0x0000000086500000| Untracked 
| 102|0x0000000086600000, 0x0000000086600000, 0x0000000086700000|  0%| F|  |TAMS 0x0000000086600000, 0x0000000086600000| Untracked 
| 103|0x0000000086700000, 0x0000000086700000, 0x0000000086800000|  0%| F|  |TAMS 0x0000000086700000, 0x0000000086700000| Untracked 
| 104|0x0000000086800000, 0x0000000086800000, 0x0000000086900000|  0%| F|  |TAMS 0x0000000086800000, 0x0000000086800000| Untracked 
| 105|0x0000000086900000, 0x0000000086900000, 0x0000000086a00000|  0%| F|  |TAMS 0x0000000086900000, 0x0000000086900000| Untracked 
| 106|0x0000000086a00000, 0x0000000086a00000, 0x0000000086b00000|  0%| F|  |TAMS 0x0000000086a00000, 0x0000000086a00000| Untracked 
| 107|0x0000000086b00000, 0x0000000086b00000, 0x0000000086c00000|  0%| F|  |TAMS 0x0000000086b00000, 0x0000000086b00000| Untracked 
| 108|0x0000000086c00000, 0x0000000086c00000, 0x0000000086d00000|  0%| F|  |TAMS 0x0000000086c00000, 0x0000000086c00000| Untracked 
| 109|0x0000000086d00000, 0x0000000086d00000, 0x0000000086e00000|  0%| F|  |TAMS 0x0000000086d00000, 0x0000000086d00000| Untracked 
| 110|0x0000000086e00000, 0x0000000086e00000, 0x0000000086f00000|  0%| F|  |TAMS 0x0000000086e00000, 0x0000000086e00000| Untracked 
| 111|0x0000000086f00000, 0x0000000086f00000, 0x0000000087000000|  0%| F|  |TAMS 0x0000000086f00000, 0x0000000086f00000| Untracked 
| 112|0x0000000087000000, 0x0000000087000000, 0x0000000087100000|  0%| F|  |TAMS 0x0000000087000000, 0x0000000087000000| Untracked 
| 113|0x0000000087100000, 0x0000000087100000, 0x0000000087200000|  0%| F|  |TAMS 0x0000000087100000, 0x0000000087100000| Untracked 
| 114|0x0000000087200000, 0x0000000087200000, 0x0000000087300000|  0%| F|  |TAMS 0x0000000087200000, 0x0000000087200000| Untracked 
| 115|0x0000000087300000, 0x0000000087300000, 0x0000000087400000|  0%| F|  |TAMS 0x0000000087300000, 0x0000000087300000| Untracked 
| 116|0x0000000087400000, 0x0000000087400000, 0x0000000087500000|  0%| F|  |TAMS 0x0000000087400000, 0x0000000087400000| Untracked 
| 117|0x0000000087500000, 0x0000000087500000, 0x0000000087600000|  0%| F|  |TAMS 0x0000000087500000, 0x0000000087500000| Untracked 
| 118|0x0000000087600000, 0x0000000087600000, 0x0000000087700000|  0%| F|  |TAMS 0x0000000087600000, 0x0000000087600000| Untracked 
| 119|0x0000000087700000, 0x0000000087700000, 0x0000000087800000|  0%| F|  |TAMS 0x0000000087700000, 0x0000000087700000| Untracked 
| 120|0x0000000087800000, 0x0000000087800000, 0x0000000087900000|  0%| F|  |TAMS 0x0000000087800000, 0x0000000087800000| Untracked 
| 121|0x0000000087900000, 0x0000000087900000, 0x0000000087a00000|  0%| F|  |TAMS 0x0000000087900000, 0x0000000087900000| Untracked 
| 122|0x0000000087a00000, 0x0000000087a00000, 0x0000000087b00000|  0%| F|  |TAMS 0x0000000087a00000, 0x0000000087a00000| Untracked 
| 123|0x0000000087b00000, 0x0000000087b00000, 0x0000000087c00000|  0%| F|  |TAMS 0x0000000087b00000, 0x0000000087b00000| Untracked 
| 124|0x0000000087c00000, 0x0000000087c00000, 0x0000000087d00000|  0%| F|  |TAMS 0x0000000087c00000, 0x0000000087c00000| Untracked 
| 125|0x0000000087d00000, 0x0000000087d00000, 0x0000000087e00000|  0%| F|  |TAMS 0x0000000087d00000, 0x0000000087d00000| Untracked 
| 126|0x0000000087e00000, 0x0000000087e00000, 0x0000000087f00000|  0%| F|  |TAMS 0x0000000087e00000, 0x0000000087e00000| Untracked 
| 127|0x0000000087f00000, 0x0000000087f00000, 0x0000000088000000|  0%| F|  |TAMS 0x0000000087f00000, 0x0000000087f00000| Untracked 
| 128|0x0000000088000000, 0x0000000088000000, 0x0000000088100000|  0%| F|  |TAMS 0x0000000088000000, 0x0000000088000000| Untracked 
| 129|0x0000000088100000, 0x0000000088100000, 0x0000000088200000|  0%| F|  |TAMS 0x0000000088100000, 0x0000000088100000| Untracked 
| 130|0x0000000088200000, 0x0000000088200000, 0x0000000088300000|  0%| F|  |TAMS 0x0000000088200000, 0x0000000088200000| Untracked 
| 131|0x0000000088300000, 0x0000000088300000, 0x0000000088400000|  0%| F|  |TAMS 0x0000000088300000, 0x0000000088300000| Untracked 
| 132|0x0000000088400000, 0x0000000088400000, 0x0000000088500000|  0%| F|  |TAMS 0x0000000088400000, 0x0000000088400000| Untracked 
| 133|0x0000000088500000, 0x0000000088500000, 0x0000000088600000|  0%| F|  |TAMS 0x0000000088500000, 0x0000000088500000| Untracked 
| 134|0x0000000088600000, 0x0000000088600000, 0x0000000088700000|  0%| F|  |TAMS 0x0000000088600000, 0x0000000088600000| Untracked 
| 135|0x0000000088700000, 0x0000000088700000, 0x0000000088800000|  0%| F|  |TAMS 0x0000000088700000, 0x0000000088700000| Untracked 
| 136|0x0000000088800000, 0x0000000088800000, 0x0000000088900000|  0%| F|  |TAMS 0x0000000088800000, 0x0000000088800000| Untracked 
| 137|0x0000000088900000, 0x0000000088900000, 0x0000000088a00000|  0%| F|  |TAMS 0x0000000088900000, 0x0000000088900000| Untracked 
| 138|0x0000000088a00000, 0x0000000088a00000, 0x0000000088b00000|  0%| F|  |TAMS 0x0000000088a00000, 0x0000000088a00000| Untracked 
| 139|0x0000000088b00000, 0x0000000088b00000, 0x0000000088c00000|  0%| F|  |TAMS 0x0000000088b00000, 0x0000000088b00000| Untracked 
| 140|0x0000000088c00000, 0x0000000088d00000, 0x0000000088d00000|100%| S|CS|TAMS 0x0000000088c00000, 0x0000000088c00000| Complete 
| 141|0x0000000088d00000, 0x0000000088e00000, 0x0000000088e00000|100%| S|CS|TAMS 0x0000000088d00000, 0x0000000088d00000| Complete 
| 142|0x0000000088e00000, 0x0000000088f00000, 0x0000000088f00000|100%| S|CS|TAMS 0x0000000088e00000, 0x0000000088e00000| Complete 
| 143|0x0000000088f00000, 0x0000000088f00000, 0x0000000089000000|  0%| F|  |TAMS 0x0000000088f00000, 0x0000000088f00000| Untracked 
| 144|0x0000000089000000, 0x0000000089000000, 0x0000000089100000|  0%| F|  |TAMS 0x0000000089000000, 0x0000000089000000| Untracked 
| 145|0x0000000089100000, 0x0000000089100000, 0x0000000089200000|  0%| F|  |TAMS 0x0000000089100000, 0x0000000089100000| Untracked 
| 146|0x0000000089200000, 0x0000000089200000, 0x0000000089300000|  0%| F|  |TAMS 0x0000000089200000, 0x0000000089200000| Untracked 
| 147|0x0000000089300000, 0x0000000089300000, 0x0000000089400000|  0%| F|  |TAMS 0x0000000089300000, 0x0000000089300000| Untracked 
| 148|0x0000000089400000, 0x0000000089400000, 0x0000000089500000|  0%| F|  |TAMS 0x0000000089400000, 0x0000000089400000| Untracked 
| 149|0x0000000089500000, 0x0000000089500000, 0x0000000089600000|  0%| F|  |TAMS 0x0000000089500000, 0x0000000089500000| Untracked 
| 150|0x0000000089600000, 0x0000000089600000, 0x0000000089700000|  0%| F|  |TAMS 0x0000000089600000, 0x0000000089600000| Untracked 
| 151|0x0000000089700000, 0x0000000089700000, 0x0000000089800000|  0%| F|  |TAMS 0x0000000089700000, 0x0000000089700000| Untracked 
| 152|0x0000000089800000, 0x0000000089800000, 0x0000000089900000|  0%| F|  |TAMS 0x0000000089800000, 0x0000000089800000| Untracked 
| 153|0x0000000089900000, 0x0000000089900000, 0x0000000089a00000|  0%| F|  |TAMS 0x0000000089900000, 0x0000000089900000| Untracked 
| 154|0x0000000089a00000, 0x0000000089a00000, 0x0000000089b00000|  0%| F|  |TAMS 0x0000000089a00000, 0x0000000089a00000| Untracked 
| 155|0x0000000089b00000, 0x0000000089b00000, 0x0000000089c00000|  0%| F|  |TAMS 0x0000000089b00000, 0x0000000089b00000| Untracked 
| 156|0x0000000089c00000, 0x0000000089c00000, 0x0000000089d00000|  0%| F|  |TAMS 0x0000000089c00000, 0x0000000089c00000| Untracked 
| 157|0x0000000089d00000, 0x0000000089d00000, 0x0000000089e00000|  0%| F|  |TAMS 0x0000000089d00000, 0x0000000089d00000| Untracked 
| 158|0x0000000089e00000, 0x0000000089e00000, 0x0000000089f00000|  0%| F|  |TAMS 0x0000000089e00000, 0x0000000089e00000| Untracked 
| 159|0x0000000089f00000, 0x0000000089f00000, 0x000000008a000000|  0%| F|  |TAMS 0x0000000089f00000, 0x0000000089f00000| Untracked 
| 160|0x000000008a000000, 0x000000008a000000, 0x000000008a100000|  0%| F|  |TAMS 0x000000008a000000, 0x000000008a000000| Untracked 
| 161|0x000000008a100000, 0x000000008a100000, 0x000000008a200000|  0%| F|  |TAMS 0x000000008a100000, 0x000000008a100000| Untracked 
| 162|0x000000008a200000, 0x000000008a200000, 0x000000008a300000|  0%| F|  |TAMS 0x000000008a200000, 0x000000008a200000| Untracked 
| 163|0x000000008a300000, 0x000000008a300000, 0x000000008a400000|  0%| F|  |TAMS 0x000000008a300000, 0x000000008a300000| Untracked 
| 164|0x000000008a400000, 0x000000008a400000, 0x000000008a500000|  0%| F|  |TAMS 0x000000008a400000, 0x000000008a400000| Untracked 
| 165|0x000000008a500000, 0x000000008a500000, 0x000000008a600000|  0%| F|  |TAMS 0x000000008a500000, 0x000000008a500000| Untracked 
| 166|0x000000008a600000, 0x000000008a600000, 0x000000008a700000|  0%| F|  |TAMS 0x000000008a600000, 0x000000008a600000| Untracked 
| 167|0x000000008a700000, 0x000000008a700000, 0x000000008a800000|  0%| F|  |TAMS 0x000000008a700000, 0x000000008a700000| Untracked 
| 168|0x000000008a800000, 0x000000008a800000, 0x000000008a900000|  0%| F|  |TAMS 0x000000008a800000, 0x000000008a800000| Untracked 
| 169|0x000000008a900000, 0x000000008a900000, 0x000000008aa00000|  0%| F|  |TAMS 0x000000008a900000, 0x000000008a900000| Untracked 
| 170|0x000000008aa00000, 0x000000008aa00000, 0x000000008ab00000|  0%| F|  |TAMS 0x000000008aa00000, 0x000000008aa00000| Untracked 
| 171|0x000000008ab00000, 0x000000008ab00000, 0x000000008ac00000|  0%| F|  |TAMS 0x000000008ab00000, 0x000000008ab00000| Untracked 
| 172|0x000000008ac00000, 0x000000008ac00000, 0x000000008ad00000|  0%| F|  |TAMS 0x000000008ac00000, 0x000000008ac00000| Untracked 
| 173|0x000000008ad00000, 0x000000008ad00000, 0x000000008ae00000|  0%| F|  |TAMS 0x000000008ad00000, 0x000000008ad00000| Untracked 
| 174|0x000000008ae00000, 0x000000008ae00000, 0x000000008af00000|  0%| F|  |TAMS 0x000000008ae00000, 0x000000008ae00000| Untracked 
| 175|0x000000008af00000, 0x000000008af00000, 0x000000008b000000|  0%| F|  |TAMS 0x000000008af00000, 0x000000008af00000| Untracked 
| 176|0x000000008b000000, 0x000000008b000000, 0x000000008b100000|  0%| F|  |TAMS 0x000000008b000000, 0x000000008b000000| Untracked 
| 177|0x000000008b100000, 0x000000008b100000, 0x000000008b200000|  0%| F|  |TAMS 0x000000008b100000, 0x000000008b100000| Untracked 
| 178|0x000000008b200000, 0x000000008b200000, 0x000000008b300000|  0%| F|  |TAMS 0x000000008b200000, 0x000000008b200000| Untracked 
| 179|0x000000008b300000, 0x000000008b300000, 0x000000008b400000|  0%| F|  |TAMS 0x000000008b300000, 0x000000008b300000| Untracked 
| 180|0x000000008b400000, 0x000000008b400000, 0x000000008b500000|  0%| F|  |TAMS 0x000000008b400000, 0x000000008b400000| Untracked 
| 181|0x000000008b500000, 0x000000008b500000, 0x000000008b600000|  0%| F|  |TAMS 0x000000008b500000, 0x000000008b500000| Untracked 
| 182|0x000000008b600000, 0x000000008b600000, 0x000000008b700000|  0%| F|  |TAMS 0x000000008b600000, 0x000000008b600000| Untracked 
| 183|0x000000008b700000, 0x000000008b700000, 0x000000008b800000|  0%| F|  |TAMS 0x000000008b700000, 0x000000008b700000| Untracked 
| 184|0x000000008b800000, 0x000000008b800000, 0x000000008b900000|  0%| F|  |TAMS 0x000000008b800000, 0x000000008b800000| Untracked 
| 185|0x000000008b900000, 0x000000008b900000, 0x000000008ba00000|  0%| F|  |TAMS 0x000000008b900000, 0x000000008b900000| Untracked 
| 186|0x000000008ba00000, 0x000000008ba00000, 0x000000008bb00000|  0%| F|  |TAMS 0x000000008ba00000, 0x000000008ba00000| Untracked 
| 187|0x000000008bb00000, 0x000000008bb00000, 0x000000008bc00000|  0%| F|  |TAMS 0x000000008bb00000, 0x000000008bb00000| Untracked 
| 188|0x000000008bc00000, 0x000000008bc00000, 0x000000008bd00000|  0%| F|  |TAMS 0x000000008bc00000, 0x000000008bc00000| Untracked 
| 189|0x000000008bd00000, 0x000000008bd80800, 0x000000008be00000| 50%| E|  |TAMS 0x000000008bd00000, 0x000000008bd00000| Complete 
| 190|0x000000008be00000, 0x000000008bf00000, 0x000000008bf00000|100%| E|CS|TAMS 0x000000008be00000, 0x000000008be00000| Complete 
| 191|0x000000008bf00000, 0x000000008c000000, 0x000000008c000000|100%| E|CS|TAMS 0x000000008bf00000, 0x000000008bf00000| Complete 

Card table byte_map: [0x0000020d75cf0000,0x0000020d760f0000] _byte_map_base: 0x0000020d758f0000

Marking Bits (Prev, Next): (CMBitMap*) 0x0000020d6100c858, (CMBitMap*) 0x0000020d6100c890
 Prev Bits: [0x0000020d764f0000, 0x0000020d784f0000)
 Next Bits: [0x0000020d784f0000, 0x0000020d7a4f0000)

Polling page: 0x0000020d60e00000

Metaspace:

Usage:
  Non-class:     18.29 MB capacity,    17.94 MB ( 98%) used,   318.82 KB (  2%) free+waste,    40.50 KB ( <1%) overhead. 
      Class:      2.71 MB capacity,     2.51 MB ( 92%) used,   190.31 KB (  7%) free+waste,    20.44 KB ( <1%) overhead. 
       Both:     21.01 MB capacity,    20.45 MB ( 97%) used,   509.13 KB (  2%) free+waste,    60.94 KB ( <1%) overhead. 

Virtual space:
  Non-class space:       20.00 MB reserved,      18.62 MB ( 93%) committed 
      Class space:        1.00 GB reserved,       2.75 MB ( <1%) committed 
             Both:        1.02 GB reserved,      21.37 MB (  2%) committed 

Chunk freelists:
   Non-Class:  20.00 KB
       Class:  6.00 KB
        Both:  26.00 KB

MaxMetaspaceSize: 17179869184.00 GB
CompressedClassSpaceSize: 1.00 GB

CodeHeap 'non-profiled nmethods': size=120064Kb used=956Kb max_used=956Kb free=119107Kb
 bounds [0x0000020d6dd90000, 0x0000020d6e000000, 0x0000020d752d0000]
CodeHeap 'profiled nmethods': size=120000Kb used=4118Kb max_used=4118Kb free=115881Kb
 bounds [0x0000020d66860000, 0x0000020d66c70000, 0x0000020d6dd90000]
CodeHeap 'non-nmethods': size=5696Kb used=1141Kb max_used=1163Kb free=4554Kb
 bounds [0x0000020d662d0000, 0x0000020d66540000, 0x0000020d66860000]
 total_blobs=2428 nmethods=1952 adapters=387
 compilation: enabled
              stopped_count=0, restarted_count=0
 full_count=0

Compilation events (20 events):
Event: 3.306 Thread 0x0000020d7d396800 nmethod 1940 0x0000020d6de7a910 code [0x0000020d6de7aac0, 0x0000020d6de7ab88]
Event: 3.307 Thread 0x0000020d7d398000 1941       3       sun.nio.fs.WindowsPath::elementAsString (62 bytes)
Event: 3.307 Thread 0x0000020d7d398000 nmethod 1941 0x0000020d66c55610 code [0x0000020d66c55800, 0x0000020d66c55b08]
Event: 3.315 Thread 0x0000020d7e3bf800 1944       4       jdk.internal.org.objectweb.asm.ClassWriter::put (152 bytes)
Event: 3.315 Thread 0x0000020d7d398000 1942       3       java.lang.invoke.InnerClassLambdaMetafactory::getLoadOpcode (25 bytes)
Event: 3.315 Thread 0x0000020d7d398000 nmethod 1942 0x0000020d66c55d90 code [0x0000020d66c55f60, 0x0000020d66c56178]
Event: 3.315 Thread 0x0000020d7d398000 1943       3       java.lang.invoke.InnerClassLambdaMetafactory::getParameterSize (27 bytes)
Event: 3.315 Thread 0x0000020d7d398000 nmethod 1943 0x0000020d66c56290 code [0x0000020d66c56440, 0x0000020d66c56618]
Event: 3.317 Thread 0x0000020d7d396800 1945   !   4       java.util.zip.ZipFile$ZipFileInputStream::close (59 bytes)
Event: 3.317 Thread 0x0000020d7d398000 1946       3       sun.invoke.util.VerifyAccess::isTypeVisible (47 bytes)
Event: 3.318 Thread 0x0000020d7d398000 nmethod 1946 0x0000020d66c56690 code [0x0000020d66c56880, 0x0000020d66c56c58]
Event: 3.319 Thread 0x0000020d7e3bf800 nmethod 1944 0x0000020d6de7ac90 code [0x0000020d6de7ae20, 0x0000020d6de7b0f8]
Event: 3.319 Thread 0x0000020d7e3bf800 1947       4       jdk.internal.org.objectweb.asm.ByteVector::putByte (39 bytes)
Event: 3.321 Thread 0x0000020d7e3bf800 nmethod 1947 0x0000020d6de7b490 code [0x0000020d6de7b640, 0x0000020d6de7b768]
Event: 3.321 Thread 0x0000020d7e3bf800 1949       4       java.util.Collections$SetFromMap::remove (19 bytes)
Event: 3.328 Thread 0x0000020d7d398000 1951   !   3       java.util.concurrent.ConcurrentHashMap::initTable (112 bytes)
Event: 3.329 Thread 0x0000020d7d398000 nmethod 1951 0x0000020d66c56e90 code [0x0000020d66c57080, 0x0000020d66c57608]
Event: 3.329 Thread 0x0000020d7e3bf800 nmethod 1949 0x0000020d6de7ba90 code [0x0000020d6de7bc40, 0x0000020d6de7c088]
Event: 3.330 Thread 0x0000020d7d396800 nmethod 1945 0x0000020d6de7c390 code [0x0000020d6de7c560, 0x0000020d6de7cd18]
Event: 3.345 Thread 0x0000020d7e3bf800 1952   !   4       java.util.zip.InflaterInputStream::read (138 bytes)

GC Heap History (6 events):
Event: 0.631 GC heap before
{Heap before GC invocations=0 (full 0):
 garbage-first heap   total 196608K, used 17408K [0x0000000080000000, 0x0000000100000000)
  region size 1024K, 14 young (14336K), 0 survivors (0K)
 Metaspace       used 6778K, capacity 6985K, committed 7168K, reserved 1056768K
  class space    used 584K, capacity 650K, committed 768K, reserved 1048576K
}
Event: 0.634 GC heap after
{Heap after GC invocations=1 (full 0):
 garbage-first heap   total 196608K, used 4561K [0x0000000080000000, 0x0000000100000000)
  region size 1024K, 2 young (2048K), 2 survivors (2048K)
 Metaspace       used 6778K, capacity 6985K, committed 7168K, reserved 1056768K
  class space    used 584K, capacity 650K, committed 768K, reserved 1048576K
}
Event: 1.802 GC heap before
{Heap before GC invocations=1 (full 0):
 garbage-first heap   total 196608K, used 68049K [0x0000000080000000, 0x0000000100000000)
  region size 1024K, 60 young (61440K), 2 survivors (2048K)
 Metaspace       used 11523K, capacity 11788K, committed 11904K, reserved 1060864K
  class space    used 1245K, capacity 1317K, committed 1408K, reserved 1048576K
}
Event: 1.809 GC heap after
{Heap after GC invocations=2 (full 0):
 garbage-first heap   total 196608K, used 14047K [0x0000000080000000, 0x0000000100000000)
  region size 1024K, 8 young (8192K), 8 survivors (8192K)
 Metaspace       used 11523K, capacity 11788K, committed 11904K, reserved 1060864K
  class space    used 1245K, capacity 1317K, committed 1408K, reserved 1048576K
}
Event: 3.332 GC heap before
{Heap before GC invocations=2 (full 0):
 garbage-first heap   total 196608K, used 63199K [0x0000000080000000, 0x0000000100000000)
  region size 1024K, 57 young (58368K), 8 survivors (8192K)
 Metaspace       used 20577K, capacity 21123K, committed 21296K, reserved 1069056K
  class space    used 2510K, capacity 2669K, committed 2688K, reserved 1048576K
}
Event: 3.344 GC heap after
{Heap after GC invocations=3 (full 0):
 garbage-first heap   total 196608K, used 17355K [0x0000000080000000, 0x0000000100000000)
  region size 1024K, 3 young (3072K), 3 survivors (3072K)
 Metaspace       used 20577K, capacity 21123K, committed 21296K, reserved 1069056K
  class space    used 2510K, capacity 2669K, committed 2688K, reserved 1048576K
}

Deoptimization events (20 events):
Event: 3.294 Thread 0x0000020d00d97000 Uncommon trap: trap_request=0xffffff4d fr.pc=0x0000020d6ddabe50 relative=0x0000000000000a10
Event: 3.294 Thread 0x0000020d00d97000 Uncommon trap: reason=unstable_if action=reinterpret pc=0x0000020d6ddabe50 method=java.io.WinNTFileSystem.resolve(Ljava/lang/String;Ljava/lang/String;)Ljava/lang/String; @ 19 c2
Event: 3.294 Thread 0x0000020d00d97000 DEOPT PACKING pc=0x0000020d6ddabe50 sp=0x00000026d1afb410
Event: 3.294 Thread 0x0000020d00d97000 DEOPT UNPACKING pc=0x0000020d662f78af sp=0x00000026d1afb3a8 mode 2
Event: 3.295 Thread 0x0000020d00d97000 Uncommon trap: trap_request=0xffffffc6 fr.pc=0x0000020d6de01a24 relative=0x0000000000000084
Event: 3.295 Thread 0x0000020d00d97000 Uncommon trap: reason=bimorphic_or_optimized_type_check action=maybe_recompile pc=0x0000020d6de01a24 method=java.util.AbstractList$Itr.hasNext()Z @ 8 c2
Event: 3.295 Thread 0x0000020d00d97000 DEOPT PACKING pc=0x0000020d6de01a24 sp=0x00000026d1afa9e0
Event: 3.295 Thread 0x0000020d00d97000 DEOPT UNPACKING pc=0x0000020d662f78af sp=0x00000026d1afa978 mode 2
Event: 3.295 Thread 0x0000020d00d97000 Uncommon trap: trap_request=0xffffffc6 fr.pc=0x0000020d6de031f4 relative=0x0000000000000134
Event: 3.295 Thread 0x0000020d00d97000 Uncommon trap: reason=bimorphic_or_optimized_type_check action=maybe_recompile pc=0x0000020d6de031f4 method=java.util.AbstractList$Itr.next()Ljava/lang/Object; @ 14 c2
Event: 3.295 Thread 0x0000020d00d97000 DEOPT PACKING pc=0x0000020d6de031f4 sp=0x00000026d1afa9d0
Event: 3.295 Thread 0x0000020d00d97000 DEOPT UNPACKING pc=0x0000020d662f78af sp=0x00000026d1afa968 mode 2
Event: 3.295 Thread 0x0000020d00d97000 Uncommon trap: trap_request=0xffffff4d fr.pc=0x0000020d6ddfe2f8 relative=0x00000000000005b8
Event: 3.295 Thread 0x0000020d00d97000 Uncommon trap: reason=unstable_if action=reinterpret pc=0x0000020d6ddfe2f8 method=java.io.File.getName()Ljava/lang/String; @ 16 c2
Event: 3.295 Thread 0x0000020d00d97000 DEOPT PACKING pc=0x0000020d6ddfe2f8 sp=0x00000026d1afb3a0
Event: 3.295 Thread 0x0000020d00d97000 DEOPT UNPACKING pc=0x0000020d662f78af sp=0x00000026d1afb370 mode 2
Event: 3.295 Thread 0x0000020d00d97000 Uncommon trap: trap_request=0xffffff4d fr.pc=0x0000020d6ddfd910 relative=0x0000000000000450
Event: 3.295 Thread 0x0000020d00d97000 Uncommon trap: reason=unstable_if action=reinterpret pc=0x0000020d6ddfd910 method=java.lang.String.substring(I)Ljava/lang/String; @ 34 c2
Event: 3.295 Thread 0x0000020d00d97000 DEOPT PACKING pc=0x0000020d6ddfd910 sp=0x00000026d1afb320
Event: 3.295 Thread 0x0000020d00d97000 DEOPT UNPACKING pc=0x0000020d662f78af sp=0x00000026d1afb2f8 mode 2

Classes redefined (0 events):
No events

Internal exceptions (20 events):
Event: 2.863 Thread 0x0000020d7d737800 Exception <a 'java/lang/NoSuchMethodError'{0x000000008af42680}: <clinit>> (0x000000008af42680) thrown at [./src/hotspot/share/prims/jni.cpp, line 1362]
Event: 2.867 Thread 0x0000020d7d737800 Exception <a 'java/lang/NoSuchMethodError'{0x000000008af54460}: <clinit>> (0x000000008af54460) thrown at [./src/hotspot/share/prims/jni.cpp, line 1362]
Event: 2.871 Thread 0x0000020d7d737800 Exception <a 'java/lang/NoSuchMethodError'{0x000000008af7b070}: <clinit>> (0x000000008af7b070) thrown at [./src/hotspot/share/prims/jni.cpp, line 1362]
Event: 2.874 Thread 0x0000020d7d737800 Exception <a 'java/lang/NoSuchMethodError'{0x000000008af92f70}: <clinit>> (0x000000008af92f70) thrown at [./src/hotspot/share/prims/jni.cpp, line 1362]
Event: 2.875 Thread 0x0000020d7d737800 Exception <a 'java/lang/NoSuchMethodError'{0x000000008af9c900}: <clinit>> (0x000000008af9c900) thrown at [./src/hotspot/share/prims/jni.cpp, line 1362]
Event: 2.878 Thread 0x0000020d7d737800 Exception <a 'java/lang/NoSuchMethodError'{0x000000008afb2140}: <clinit>> (0x000000008afb2140) thrown at [./src/hotspot/share/prims/jni.cpp, line 1362]
Event: 2.896 Thread 0x0000020d7d737800 Exception <a 'java/lang/NoSuchMethodError'{0x000000008ae18138}: <clinit>> (0x000000008ae18138) thrown at [./src/hotspot/share/prims/jni.cpp, line 1362]
Event: 2.903 Thread 0x0000020d7d737800 Exception <a 'java/lang/NoSuchMethodError'{0x000000008ae47e30}: <clinit>> (0x000000008ae47e30) thrown at [./src/hotspot/share/prims/jni.cpp, line 1362]
Event: 2.909 Thread 0x0000020d7d737800 Exception <a 'java/lang/NoSuchMethodError'{0x000000008ae70ba0}: <clinit>> (0x000000008ae70ba0) thrown at [./src/hotspot/share/prims/jni.cpp, line 1362]
Event: 2.988 Thread 0x0000020d00d97000 Exception <a 'java/lang/NoSuchMethodError'{0x000000008ab94670}: 'void java.lang.invoke.DirectMethodHandle$Holder.invokeVirtual(java.lang.Object, java.lang.Object, java.lang.Object, java.lang.Object)'> (0x000000008ab94670) thrown at [./src/hotspot/share/interpreter/linkResolver.cpp, line 773]
Event: 2.990 Thread 0x0000020d00d97000 Exception <a 'java/lang/NoSuchMethodError'{0x000000008aba10d8}: 'void java.lang.invoke.DelegatingMethodHandle$Holder.reinvoke_L(java.lang.Object, java.lang.Object, java.lang.Object, java.lang.Object)'> (0x000000008aba10d8) thrown at [./src/hotspot/share/interpreter/linkResolver.cpp, line 773]
Event: 2.995 Thread 0x0000020d00d97000 Exception <a 'java/lang/NoSuchMethodError'{0x000000008abd1bb8}: 'long java.lang.invoke.DirectMethodHandle$Holder.invokeInterface(java.lang.Object, java.lang.Object)'> (0x000000008abd1bb8) thrown at [./src/hotspot/share/interpreter/linkResolver.cpp, line 773]
Event: 2.999 Thread 0x0000020d00d97000 Exception <a 'java/lang/NoSuchMethodError'{0x000000008abf4538}: 'void java.lang.invoke.DelegatingMethodHandle$Holder.reinvoke_L(java.lang.Object, java.lang.Object, java.lang.Object, java.lang.Object, java.lang.Object, java.lang.Object, java.lang.Object)'> (0x000000008abf4538) thrown at [./src/hotspot/share/interpreter/linkResolver.cpp, line 773]
Event: 3.168 Thread 0x0000020d00d97000 Exception <a 'java/lang/NoSuchMethodError'{0x0000000089bb7f08}: 'java.lang.Object java.lang.invoke.DirectMethodHandle$Holder.invokeVirtual(java.lang.Object, java.lang.Object, java.lang.Object)'> (0x0000000089bb7f08) thrown at [./src/hotspot/share/interpreter/linkResolver.cpp, line 773]
Event: 3.202 Thread 0x0000020d00d97000 Exception <a 'java/lang/NoSuchMethodError'{0x000000008973be20}: 'void java.lang.invoke.DirectMethodHandle$Holder.invokeInterface(java.lang.Object, java.lang.Object)'> (0x000000008973be20) thrown at [./src/hotspot/share/interpreter/linkResolver.cpp, line 773]
Event: 3.202 Thread 0x0000020d00d97000 Exception <a 'java/lang/IncompatibleClassChangeError'{0x000000008973efd0}: Found class java.lang.Object, but interface was expected> (0x000000008973efd0) thrown at [./src/hotspot/share/interpreter/linkResolver.cpp, line 839]
Event: 3.223 Thread 0x0000020d00d97000 Exception <a 'java/lang/NoSuchMethodError'{0x00000000896ad8c0}: 'void java.lang.invoke.DirectMethodHandle$Holder.invokeStaticInit(java.lang.Object)'> (0x00000000896ad8c0) thrown at [./src/hotspot/share/interpreter/linkResolver.cpp, line 773]
Event: 3.264 Thread 0x0000020d00d97000 Exception <a 'java/lang/NoSuchMethodError'{0x00000000893165f8}: 'java.lang.Object java.lang.invoke.DirectMethodHandle$Holder.invokeStatic(java.lang.Object, java.lang.Object, java.lang.Object, int)'> (0x00000000893165f8) thrown at [./src/hotspot/share/interpreter/linkResolver.cpp, line 773]
Event: 3.264 Thread 0x0000020d00d97000 Exception <a 'java/lang/NoSuchMethodError'{0x000000008931a7c0}: 'java.lang.Object java.lang.invoke.DirectMethodHandle$Holder.invokeSpecial(java.lang.Object, java.lang.Object, java.lang.Object, java.lang.Object, int)'> (0x000000008931a7c0) thrown at [./src/hotspot/share/interpreter/linkResolver.cpp, line 773]
Event: 3.265 Thread 0x0000020d00d97000 Exception <a 'java/lang/NoSuchMethodError'{0x000000008931e1a8}: 'java.lang.Object java.lang.invoke.Invokers$Holder.linkToTargetMethod(java.lang.Object, java.lang.Object, int, java.lang.Object)'> (0x000000008931e1a8) thrown at [./src/hotspot/share/interpreter/linkResolver.cpp, line 773]

Events (20 events):
Event: 3.331 loading class org/apache/tools/ant/types/Resource
Event: 3.331 loading class org/apache/tools/ant/types/Resource done
Event: 3.331 loading class org/apache/tools/ant/types/ResourceCollection
Event: 3.331 loading class org/apache/tools/ant/types/ResourceCollection done
Event: 3.331 loading class org/apache/tools/ant/types/DataType
Event: 3.331 loading class org/apache/tools/ant/types/DataType done
Event: 3.332 loading class org/apache/tools/ant/ProjectComponent
Event: 3.332 loading class org/apache/tools/ant/ProjectComponent done
Event: 3.332 loading class org/apache/tools/ant/types/resources/FileResource
Event: 3.332 loading class org/apache/tools/ant/types/resources/FileResource done
Event: 3.332 loading class org/apache/tools/ant/types/resources/Touchable
Event: 3.332 loading class org/apache/tools/ant/types/resources/Touchable done
Event: 3.332 loading class org/apache/tools/ant/types/resources/FileProvider
Event: 3.332 loading class org/apache/tools/ant/types/resources/FileProvider done
Event: 3.332 Executing VM operation: CollectForMetadataAllocation
Event: 3.344 Executing VM operation: CollectForMetadataAllocation done
Event: 3.344 loading class org/apache/tools/ant/types/resources/Appendable
Event: 3.344 loading class org/apache/tools/ant/types/resources/Appendable done
Event: 3.345 loading class org/apache/tools/ant/util/VectorSet
Event: 3.345 loading class org/apache/tools/ant/util/VectorSet done


Dynamic libraries:
0x00007ff6794f0000 - 0x00007ff6794fa000 	C:\Program Files\Android\Android Studio\jre\bin\java.exe
0x00007ffb84330000 - 0x00007ffb84524000 	C:\Windows\SYSTEM32\ntdll.dll
0x00007ffb82f90000 - 0x00007ffb8304d000 	C:\Windows\System32\KERNEL32.DLL
0x00007ffb81e30000 - 0x00007ffb820f7000 	C:\Windows\System32\KERNELBASE.dll
0x00007ffb82100000 - 0x00007ffb82200000 	C:\Windows\System32\ucrtbase.dll
0x00007ffb7d2e0000 - 0x00007ffb7d2f7000 	C:\Program Files\Android\Android Studio\jre\bin\VCRUNTIME140.dll
0x00007ffb7d240000 - 0x00007ffb7d259000 	C:\Program Files\Android\Android Studio\jre\bin\jli.dll
0x00007ffb83ac0000 - 0x00007ffb83c60000 	C:\Windows\System32\USER32.dll
0x00007ffb6ca70000 - 0x00007ffb6cd0a000 	C:\Windows\WinSxS\amd64_microsoft.windows.common-controls_6595b64144ccf1df_6.0.19041.1_none_b555e41d4684ddec\COMCTL32.dll
0x00007ffb81b00000 - 0x00007ffb81b22000 	C:\Windows\System32\win32u.dll
0x00007ffb82ef0000 - 0x00007ffb82f8e000 	C:\Windows\System32\msvcrt.dll
0x00007ffb83800000 - 0x00007ffb8382a000 	C:\Windows\System32\GDI32.dll
0x00007ffb82230000 - 0x00007ffb82339000 	C:\Windows\System32\gdi32full.dll
0x00007ffb81d90000 - 0x00007ffb81e2d000 	C:\Windows\System32\msvcp_win.dll
0x00007ffb82610000 - 0x00007ffb82640000 	C:\Windows\System32\IMM32.DLL
0x00007ffb659d0000 - 0x00007ffb65a6d000 	C:\Program Files\Android\Android Studio\jre\bin\msvcp140.dll
0x00007ffb4c0d0000 - 0x00007ffb4cb9f000 	C:\Program Files\Android\Android Studio\jre\bin\server\jvm.dll
0x00007ffb82be0000 - 0x00007ffb82c8a000 	C:\Windows\System32\ADVAPI32.dll
0x00007ffb83980000 - 0x00007ffb83a1b000 	C:\Windows\System32\sechost.dll
0x00007ffb82470000 - 0x00007ffb82593000 	C:\Windows\System32\RPCRT4.dll
0x00007ffb83830000 - 0x00007ffb83838000 	C:\Windows\System32\PSAPI.DLL
0x00007ffb5f980000 - 0x00007ffb5f989000 	C:\Windows\SYSTEM32\WSOCK32.dll
0x00007ffb6fa40000 - 0x00007ffb6fa67000 	C:\Windows\SYSTEM32\WINMM.dll
0x00007ffb825a0000 - 0x00007ffb8260b000 	C:\Windows\System32\WS2_32.dll
0x00007ffb7a970000 - 0x00007ffb7a97a000 	C:\Windows\SYSTEM32\VERSION.dll
0x00007ffb803c0000 - 0x00007ffb803d3000 	C:\Windows\SYSTEM32\kernel.appcore.dll
0x00007ffb656e0000 - 0x00007ffb656f1000 	C:\Program Files\Android\Android Studio\jre\bin\verify.dll
0x00007ffb7f910000 - 0x00007ffb7faf4000 	C:\Windows\SYSTEM32\DBGHELP.DLL
0x00007ffb683e0000 - 0x00007ffb6840c000 	C:\Windows\SYSTEM32\dbgcore.DLL
0x00007ffb81a80000 - 0x00007ffb81aff000 	C:\Windows\System32\bcryptPrimitives.dll
0x00007ffb656b0000 - 0x00007ffb656d9000 	C:\Program Files\Android\Android Studio\jre\bin\java.dll
0x00007ffb7d300000 - 0x00007ffb7d30b000 	C:\Program Files\Android\Android Studio\jre\bin\jimage.dll
0x00007ffb56190000 - 0x00007ffb561a8000 	C:\Program Files\Android\Android Studio\jre\bin\zip.dll
0x00007ffb830c0000 - 0x00007ffb837f1000 	C:\Windows\System32\SHELL32.dll
0x00007ffb7fb00000 - 0x00007ffb8028a000 	C:\Windows\SYSTEM32\windows.storage.dll
0x00007ffb83de0000 - 0x00007ffb84134000 	C:\Windows\System32\combase.dll
0x00007ffb81430000 - 0x00007ffb8145b000 	C:\Windows\SYSTEM32\Wldp.dll
0x00007ffb83c60000 - 0x00007ffb83d0e000 	C:\Windows\System32\SHCORE.dll
0x00007ffb82c90000 - 0x00007ffb82ce5000 	C:\Windows\System32\shlwapi.dll
0x00007ffb819c0000 - 0x00007ffb819df000 	C:\Windows\SYSTEM32\profapi.dll
0x00007ffb55750000 - 0x00007ffb5576a000 	C:\Program Files\Android\Android Studio\jre\bin\net.dll
0x00007ffb77e70000 - 0x00007ffb77f70000 	C:\Windows\SYSTEM32\WINHTTP.dll
0x00007ffb811b0000 - 0x00007ffb8121a000 	C:\Windows\system32\mswsock.dll
0x00007ffb4cd80000 - 0x00007ffb4cd94000 	C:\Program Files\Android\Android Studio\jre\bin\nio.dll
0x00007ffb6b260000 - 0x00007ffb6b287000 	C:\Users\Bhawna singh chauhan\.gradle\native\8bec1ad78214c89d9ad589b4d07fe93259594b29d510b10fafb7a158f7737e5d\windows-amd64\native-platform.dll
0x00007ffb49590000 - 0x00007ffb496cd000 	C:\Users\Bhawna singh chauhan\.gradle\native\53dbd7edfb1c66fb8903c78663c9afc45aea4f116125fa6feffd364cf09443e8\windows-amd64\native-platform-file-events.dll
0x00007ffb7d220000 - 0x00007ffb7d22a000 	C:\Program Files\Android\Android Studio\jre\bin\management.dll
0x00007ffb7c600000 - 0x00007ffb7c60c000 	C:\Program Files\Android\Android Studio\jre\bin\management_ext.dll
0x00007ffb81390000 - 0x00007ffb813a8000 	C:\Windows\SYSTEM32\CRYPTSP.dll
0x00007ffb80b40000 - 0x00007ffb80b74000 	C:\Windows\system32\rsaenh.dll
0x00007ffb82200000 - 0x00007ffb82227000 	C:\Windows\System32\bcrypt.dll
0x00007ffb81980000 - 0x00007ffb819ae000 	C:\Windows\SYSTEM32\USERENV.dll
0x00007ffb81380000 - 0x00007ffb8138c000 	C:\Windows\SYSTEM32\CRYPTBASE.dll
0x00007ffb80ea0000 - 0x00007ffb80edb000 	C:\Windows\SYSTEM32\IPHLPAPI.DLL
0x00007ffb83050000 - 0x00007ffb83059000 	C:\Windows\System32\NSI.dll
0x00007ffb77870000 - 0x00007ffb77887000 	C:\Windows\SYSTEM32\dhcpcsvc6.DLL
0x00007ffb77b10000 - 0x00007ffb77b2d000 	C:\Windows\SYSTEM32\dhcpcsvc.DLL
0x00007ffb80ee0000 - 0x00007ffb80faa000 	C:\Windows\SYSTEM32\DNSAPI.dll

dbghelp: loaded successfully - version: 4.0.5 - missing functions: none
symbol engine: initialized successfully - sym options: 0x614 - pdb path: .;C:\Program Files\Android\Android Studio\jre\bin;C:\Windows\SYSTEM32;C:\Windows\WinSxS\amd64_microsoft.windows.common-controls_6595b64144ccf1df_6.0.19041.1_none_b555e41d4684ddec;C:\Program Files\Android\Android Studio\jre\bin\server;C:\Users\Bhawna singh chauhan\.gradle\native\8bec1ad78214c89d9ad589b4d07fe93259594b29d510b10fafb7a158f7737e5d\windows-amd64;C:\Users\Bhawna singh chauhan\.gradle\native\53dbd7edfb1c66fb8903c78663c9afc45aea4f116125fa6feffd364cf09443e8\windows-amd64

VM Arguments:
jvm_args: --add-opens=java.base/java.util=ALL-UNNAMED --add-opens=java.base/java.lang=ALL-UNNAMED --add-opens=java.base/java.lang.invoke=ALL-UNNAMED --add-opens=java.base/java.util=ALL-UNNAMED --add-opens=java.prefs/java.util.prefs=ALL-UNNAMED --add-opens=java.prefs/java.util.prefs=ALL-UNNAMED --add-opens=java.base/java.nio.charset=ALL-UNNAMED --add-opens=java.base/java.net=ALL-UNNAMED --add-opens=java.base/java.util.concurrent.atomic=ALL-UNNAMED -Xmx2048m -Dfile.encoding=UTF-8 -Duser.country=IN -Duser.language=en -Duser.variant 
java_command: org.gradle.launcher.daemon.bootstrap.GradleDaemon 7.0.2
java_class_path (initial): C:\Users\Bhawna singh chauhan\.gradle\wrapper\dists\gradle-7.0.2-bin\857tjihv64xamwrf0h14cai3r\gradle-7.0.2\lib\gradle-launcher-7.0.2.jar
Launcher Type: SUN_STANDARD

[Global flags]
     intx CICompilerCount                          = 3                                         {product} {ergonomic}
     uint ConcGCThreads                            = 1                                         {product} {ergonomic}
     uint G1ConcRefinementThreads                  = 4                                         {product} {ergonomic}
   size_t G1HeapRegionSize                         = 1048576                                   {product} {ergonomic}
    uintx GCDrainStackTargetSize                   = 64                                        {product} {ergonomic}
   size_t InitialHeapSize                          = 201326592                                 {product} {ergonomic}
   size_t MarkStackSize                            = 4194304                                   {product} {ergonomic}
   size_t MaxHeapSize                              = 2147483648                                {product} {command line}
   size_t MaxNewSize                               = 1287651328                                {product} {ergonomic}
   size_t MinHeapDeltaBytes                        = 1048576                                   {product} {ergonomic}
    uintx NonNMethodCodeHeapSize                   = 5830732                                {pd product} {ergonomic}
    uintx NonProfiledCodeHeapSize                  = 122913754                              {pd product} {ergonomic}
    uintx ProfiledCodeHeapSize                     = 122913754                              {pd product} {ergonomic}
    uintx ReservedCodeCacheSize                    = 251658240                              {pd product} {ergonomic}
     bool SegmentedCodeCache                       = true                                      {product} {ergonomic}
     bool UseCompressedClassPointers               = true                                 {lp64_product} {ergonomic}
     bool UseCompressedOops                        = true                                 {lp64_product} {ergonomic}
     bool UseG1GC                                  = true                                      {product} {ergonomic}
     bool UseLargePagesIndividualAllocation        = false                                  {pd product} {ergonomic}

Logging:
Log output configuration:
 #0: stdout all=warning uptime,level,tags
 #1: stderr all=off uptime,level,tags

Environment Variables:
PATH=C:\Windows\system32;C:\Windows;C:\Windows\System32\Wbem;C:\Windows\System32\WindowsPowerShell\v1.0\;C:\Windows\System32\OpenSSH\;C:\Users\Bhawna singh chauhan\AppData\Local\Microsoft\WindowsApps;C:\Program Files\JetBrains\PyCharm Community Edition 2021.3.2\bin
USERNAME=Bhawna singh chauhan
OS=Windows_NT
PROCESSOR_IDENTIFIER=Intel64 Family 6 Model 142 Stepping 9, GenuineIntel



---------------  S Y S T E M  ---------------

OS: Windows 10 , 64 bit Build 19041 (10.0.19041.207)
OS uptime: 0 days 0:29 hours

CPU:total 4 (initial active 4) (2 cores per cpu, 2 threads per core) family 6 model 142 stepping 9 microcode 0xb4, cmov, cx8, fxsr, mmx, sse, sse2, sse3, ssse3, sse4.1, sse4.2, popcnt, avx, avx2, aes, clmul, erms, 3dnowpref, lzcnt, ht, tsc, tscinvbit, bmi1, bmi2, adx, fma

Memory: 4k page, system-wide physical 12203M (6427M free)
TotalPageFile size 20226M (AvailPageFile size 13484M)
current process WorkingSet (physical memory assigned to process): 193M, peak: 193M
current process commit charge ("private bytes"): 333M, peak: 333M

vm_info: OpenJDK 64-Bit Server VM (11.0.10+0-b96-7249189) for windows-amd64 JRE (11.0.10+0-b96-7249189), built on Mar 31 2021 21:44:00 by "builder" with MS VC++ 14.0 (VS2015)

END.
